<?xml version="1.0" encoding="utf-8"?>
<testsuites disabled="0" errors="12" failures="21" tests="41" time="99.91197897399434">
	<testsuite disabled="0" errors="12" failures="21" name="schemathesis" skipped="41" tests="41" time="99.91197897399434" hostname="226215567d5f">
		<testcase name="GET /.well-known/jwks.json" time="4.008606">
			<failure type="failure" message="1. Test Case ID: Z3JFEa&#10;&#10;- Response time limit exceeded&#10;&#10;    Actual: 1.02ms&#10;    Limit: 800.00ms&#10;&#10;[200] OK:&#10;&#10;    `{&quot;keys&quot;:[{&quot;kty&quot;:&quot;RSA&quot;,&quot;use&quot;:&quot;sig&quot;,&quot;alg&quot;:&quot;RS256&quot;,&quot;kid&quot;:&quot;identity-local-1&quot;,&quot;n&quot;:&quot;xcxrHnguf4-5dqsORxUOqBcSrc1eiswNLKQTzqw5QnJmGSyw2LVS0fToaNenvNiDU0m3CIjSdzEJzVtO-BtRxoJ6K_QIpKtuYLmwJUlvIrmOVeR5gGyVBdSd536dDTe6FloiFN9rID4aCokAUtThx1ew6T16Y5zpRlmqqJ-CoMOHJVbQQ4iaIoqQQqlM6IkndqzeUBQZ4NiHdRLiX8DWRIjNxThz9wZcCcbvRUCliB4BKuABwEOFVIMliJv6ITNmtijUhYCRZ6TZQpuo8ItupYYNLE05yd4hVM1dq_0NZWrMQogDHEiwixmx40zU34Im9JFSTNOLRZYJRuPjsKQ37w&quot;,&quot;e&quot;:&quot;AQAB&quot;,&quot;key_ops&quot;:[&quot;verify&quot;]}]}`&#10;&#10;Reproduce with:&#10;&#10;    curl -X GET -H 'Authorization: [Filtered]' http://host.docker.internal:9080/.well-known/jwks.json"/>
			<error type="error">Network Error

Connection failed

    Failed to establish a new connection: [Errno 11] Resource temporarily unavailable</error>
			<skipped type="skipped">No examples in schema</skipped>
		</testcase>
		<testcase name="POST /api/project-configs/admin/{id}/restore" time="3.715340">
			<error type="error">Network Error

Connection failed

    Failed to establish a new connection: [Errno 11] Resource temporarily unavailable</error>
			<skipped type="skipped">No examples in schema</skipped>
		</testcase>
		<testcase name="POST /api/semesters" time="3.815256">
			<failure type="failure" message="1. Test Case ID: gSCCpS&#10;&#10;- API rejected schema-compliant request&#10;&#10;    Valid data should have been accepted&#10;    Expected: 2xx, 401, 403, 404, 409, 5xx&#10;    Hint: The request body contains 12 additional properties not defined in the schema (``, `񫪴¦Ç¾;½d&gt;}EÄ³^¹`, `&amp;􆠞:­񚵼äÈÆF򋯫eAÑuL` and 9 more). The server likely rejects unexpected fields. Add `additionalProperties: false` to your schema to prevent this.&#10;&#10;[400] Bad Request:&#10;&#10;    `{&quot;statusCode&quot;:400,&quot;error&quot;:&quot;Bad Request&quot;,&quot;message&quot;:&quot;End date must be after start date&quot;,&quot;timestamp&quot;:&quot;2026-03-08T09:35:45.025344693Z&quot;,&quot;errors&quot;:null}`&#10;&#10;Reproduce with:&#10;&#10;    curl -X POST -H 'Authorization: [Filtered]' -H 'Content-Type: application/json' -d '{&quot;endDate&quot;: &quot;4457-11-24&quot;, &quot;semesterCode&quot;: &quot;\u00bf5V\u00b6p&quot;, &quot;semesterName&quot;: &quot;1&quot;, &quot;startDate&quot;: &quot;8481-01-09&quot;, &quot;\u0096\u00a0.\\ e\&quot;\u00cf\u00c8\u00a2W&quot;: {&quot;;\u007f;&quot;: -2.639013048391666e+155}, &quot;\u00cd@\u001a&quot;: {}, &quot;[Ma\ud98c\udf98a\u0015\u00b9X\ud8f0\udfe4\u0003\udb97\ude7d\u00e9\u0007&quot;: {&quot;\u009e}\u00cd\udb8a\udd24&quot;: false, &quot;.\u00f7z\u001c\u00e3\\\u0083]\u009b&quot;: null, &quot;\u00b7\uda4c\udd27\u00ec\ud8ea\udf88_&quot;: &quot;\u00c1\uda55\uddaa&quot;}, &quot;\u25a3G\u009a\ud884\uddb7\ud8b6\udc1d&quot;: {}, &quot;&quot;: [&quot;\ud8e0\udeba\u00e0\u0001~\u00ab\u0006\u0095\u0099\udb90\udfb4\uda73\uddb5&quot;, -2.5484350998875584e+16, {&quot;&quot;: 110, &quot;\u0092\uda9d\udced[A\r\u00b78\udacf\ude22\udad4\ude21&quot;: -1.7976931348623155e+308, &quot;TU\u0099\u00927\f!\udafc\udf2f&quot;: true}], &quot;&amp;\udbda\udc1e:\u00ad\u0019\ud92b\udd7c\u00e4\u00c8\u00c6F\ud9ee\udfebe\u008aA\u0088\u00d1uL&quot;: [{}, {&quot;&quot;: {}}, [&quot;\u009f\u0084&quot;]], &quot;\udbaf\ude9dp\u00db\u00ad\u0004+\u0088\ud8a2\udc2b\u00b2\u00cb\ud85b\udfc03(\udbd4\ude53\u00a1\ud89d\udd56N\u0017&quot;: {&quot;\u007f.\u0004&quot;: [], &quot;4&quot;: []}, &quot;\u001f\ud96e\udeb4\u00a6\u00c7\u00be\u008f;\u00bdd&gt;}E\u008c\u00c4\u00b3^\u00b9&quot;: [123], &quot;\u00e3\u3e80!\u0012&quot;: {&quot;\u0096\u0084\u00fb\ucb49l\u00c4T\u00b3\ud98e\uddd8\u00db&quot;: [[], [{}, {}, false], []]}, &quot;+0.0&quot;: {&quot;\u001d\u00e5&quot;: [], &quot;8-\udbde\udcd9&quot;: {&quot;\u023a&quot;: -3136, &quot;\u00c8Y?\u00d9\u0019&quot;: &quot;\u0091\u008d&quot;, &quot;g\ud85f\udce34\ud98e\udeb9\ud83e\uded3\u00aevb\u00d4\u0001\t\u009f{\ud9de\udd18\u00d2\u00f5\ud843\udcee\u00a1&quot;: true}, &quot;g\u00b6\u0001\u00ac\u0089&quot;: -13780}, &quot;\\\udbc2\udf41&quot;: [4.7448871816544144e+222, &quot;\u0083\u00aa\u00e6P\u0088\ud9fb\udfe6\n\uda9a\udc9c\ud85e\uddd8\u00bf&quot;], &quot;\u00ad&quot;: {&quot;\ud823\udfba\ud8ee\ude32&quot;: &quot;LPT1&quot;, &quot;?\u00e0\u0007\u00dd\uda63\udd22\u0093'&quot;'&quot;'\u00bc\u0094\udb47\udfb9&quot;: 5.6553402280628984e+16, &quot;he\u00c9\u0080\udbe5\udd33\u00ed\u000b\\\u00cc\uda6e\udc59\u00da&quot;: -4.446746748470301e+84}}' http://host.docker.internal:9080/api/semesters"/>
			<error type="error">Network Error

Connection failed

    Failed to establish a new connection: [Errno 11] Resource temporarily unavailable</error>
			<skipped type="skipped">No examples in schema</skipped>
		</testcase>
		<testcase name="GET /api/groups/{groupId}/members" time="3.549272">
			<skipped type="skipped">No examples in schema</skipped>
		</testcase>
		<testcase name="GET /api/semesters" time="2.923600">
			<skipped type="skipped">No examples in schema</skipped>
		</testcase>
		<testcase name="GET /api/project-configs/group/{groupId}" time="3.704603">
			<skipped type="skipped">No examples in schema</skipped>
		</testcase>
		<testcase name="GET /api/admin/audit/security-events" time="3.777998">
			<failure type="failure" message="1. Test Case ID: b0CMKH&#10;&#10;- Response time limit exceeded&#10;&#10;    Actual: 1.04ms&#10;    Limit: 800.00ms&#10;&#10;[401] Unauthorized:&#10;&#10;    `{&quot;statusCode&quot;:401,&quot;error&quot;:&quot;Unauthorized&quot;,&quot;message&quot;:&quot;Unauthorized&quot;,&quot;timestamp&quot;:&quot;2026-03-08T09:35:45.157354931Z&quot;}`&#10;&#10;Reproduce with:&#10;&#10;    curl -X GET -H 'Authorization: [Filtered]' 'http://host.docker.internal:9080/api/admin/audit/security-events?arg0='"/>
			<error type="error">Network Error

Connection failed

    Failed to establish a new connection: [Errno 11] Resource temporarily unavailable</error>
			<skipped type="skipped">No examples in schema</skipped>
		</testcase>
		<testcase name="POST /api/auth/logout" time="3.931817">
			<failure type="failure" message="1. Test Case ID: VuNu8g&#10;&#10;- Response time limit exceeded&#10;&#10;    Actual: 1.02ms&#10;    Limit: 800.00ms&#10;&#10;[401] Unauthorized:&#10;&#10;    `{&quot;statusCode&quot;:401,&quot;error&quot;:&quot;Unauthorized&quot;,&quot;message&quot;:&quot;Unauthorized&quot;,&quot;timestamp&quot;:&quot;2026-03-08T09:35:45.236439613Z&quot;}`&#10;&#10;Reproduce with:&#10;&#10;    curl -X POST -H 'Authorization: [Filtered]' -H 'Content-Type: application/json' -d 13419 http://host.docker.internal:9080/api/auth/logout"/>
			<error type="error">Network Error

Connection failed

    Failed to establish a new connection: [Errno 11] Resource temporarily unavailable</error>
			<error type="error">Network Error

Connection failed

    Failed to establish a new connection: [Errno 11] Resource temporarily unavailable</error>
			<skipped type="skipped">No examples in schema</skipped>
		</testcase>
		<testcase name="GET /api/groups" time="3.839145">
			<failure type="failure" message="1. Test Case ID: HYD1Il&#10;&#10;- API accepted schema-violating request&#10;&#10;    Invalid data should have been rejected&#10;    Expected: 400, 401, 403, 404, 406, 422, 428, 5xx&#10;    Invalid component: in query - object with unexpected properties&#10;&#10;[200] OK:&#10;&#10;    `{&quot;content&quot;:[{&quot;id&quot;:90,&quot;groupName&quot;:&quot;SE2601-G1&quot;,&quot;semesterId&quot;:86,&quot;semesterCode&quot;:&quot;QA-2026-S1&quot;,&quot;lecturerName&quot;:&quot;QA Lecturer&quot;,&quot;memberCount&quot;:38},{&quot;id&quot;:114,&quot;groupName&quot;:&quot;SE2601-G2&quot;,&quot;semesterId&quot;:86,&quot;semesterCode&quot;:&quot;QA-2026-S1&quot;,&quot;lecturerName&quot;:&quot;QA Lecturer&quot;,&quot;memberCount&quot;:0},{&quot;id&quot;:92,&quot;groupName&quot;:&quot;SE2601-G3&quot;,&quot;semesterId&quot;:86,&quot;semesterCode&quot;:&quot;QA-2026-S1&quot;,&quot;lecturerName&quot;:&quot;QA Lecturer&quot;,&quot;memberCount&quot;:0},{&quot;id&quot;:89,&quot;groupName&quot;:&quot;SE2026-G8&quot;,&quot;semesterId&quot;:85,&quot;semesterCode&quot;:&quot;AX1772901713&quot;,&quot;lecturerName&quot;:&quot;Lecturer One&quot;,&quot;memberCount&quot;:0},{&quot;i // Output truncated...`&#10;&#10;Reproduce with:&#10;&#10;    curl -X GET -H 'Authorization: [Filtered]' 'http://host.docker.internal:9080/api/groups?size=20&amp;x-schemathesis-unknown-property=42'"/>
			<failure type="failure" message="1. Test Case ID: HYD1Il&#10;&#10;- API accepted schema-violating request&#10;&#10;    Invalid data should have been rejected&#10;    Expected: 400, 401, 403, 404, 406, 422, 428, 5xx&#10;    Invalid component: in query - object with unexpected properties&#10;&#10;[200] OK:&#10;&#10;    `{&quot;content&quot;:[{&quot;id&quot;:90,&quot;groupName&quot;:&quot;SE2601-G1&quot;,&quot;semesterId&quot;:86,&quot;semesterCode&quot;:&quot;QA-2026-S1&quot;,&quot;lecturerName&quot;:&quot;QA Lecturer&quot;,&quot;memberCount&quot;:38},{&quot;id&quot;:114,&quot;groupName&quot;:&quot;SE2601-G2&quot;,&quot;semesterId&quot;:86,&quot;semesterCode&quot;:&quot;QA-2026-S1&quot;,&quot;lecturerName&quot;:&quot;QA Lecturer&quot;,&quot;memberCount&quot;:0},{&quot;id&quot;:92,&quot;groupName&quot;:&quot;SE2601-G3&quot;,&quot;semesterId&quot;:86,&quot;semesterCode&quot;:&quot;QA-2026-S1&quot;,&quot;lecturerName&quot;:&quot;QA Lecturer&quot;,&quot;memberCount&quot;:0},{&quot;id&quot;:89,&quot;groupName&quot;:&quot;SE2026-G8&quot;,&quot;semesterId&quot;:85,&quot;semesterCode&quot;:&quot;AX1772901713&quot;,&quot;lecturerName&quot;:&quot;Lecturer One&quot;,&quot;memberCount&quot;:0},{&quot;i // Output truncated...`&#10;&#10;Reproduce with:&#10;&#10;    curl -X GET -H 'Authorization: [Filtered]' 'http://host.docker.internal:9080/api/groups?size=20&amp;x-schemathesis-unknown-property=42'&#10;&#10;2. Test Case ID: kZA84t&#10;&#10;- Server error&#10;&#10;[500] Internal Server Error:&#10;&#10;    `{&quot;statusCode&quot;:500,&quot;error&quot;:&quot;Internal Server Error&quot;,&quot;message&quot;:&quot;An unexpected error occurred&quot;,&quot;timestamp&quot;:&quot;2026-03-08T09:35:45.152432392Z&quot;,&quot;errors&quot;:null}`&#10;&#10;Reproduce with:&#10;&#10;    curl -X GET -H 'Authorization: [Filtered]' 'http://host.docker.internal:9080/api/groups?size=240318743&amp;lecturerId=-20356&amp;semesterId=26303&amp;page=30525'"/>
			<skipped type="skipped">No examples in schema</skipped>
		</testcase>
		<testcase name="GET /api/admin/audit/actor/{actorId}" time="3.795919">
			<failure type="failure" message="1. Test Case ID: F4NS72&#10;&#10;- Response time limit exceeded&#10;&#10;    Actual: 1.04ms&#10;    Limit: 800.00ms&#10;&#10;[401] Unauthorized:&#10;&#10;    `{&quot;statusCode&quot;:401,&quot;error&quot;:&quot;Unauthorized&quot;,&quot;message&quot;:&quot;Unauthorized&quot;,&quot;timestamp&quot;:&quot;2026-03-08T09:35:45.162666056Z&quot;}`&#10;&#10;Reproduce with:&#10;&#10;    curl -X GET -H 'Authorization: [Filtered]' 'http://host.docker.internal:9080/api/admin/audit/actor/1?arg1='"/>
			<error type="error">Network Error

Connection failed

    Failed to establish a new connection: [Errno 11] Resource temporarily unavailable</error>
			<skipped type="skipped">No examples in schema</skipped>
		</testcase>
		<testcase name="GET /api/admin/audit/entity/{entityType}/{entityId}" time="3.841450">
			<failure type="failure" message="1. Test Case ID: zSyAQt&#10;&#10;- Response time limit exceeded&#10;&#10;    Actual: 1.04ms&#10;    Limit: 800.00ms&#10;&#10;[401] Unauthorized:&#10;&#10;    `{&quot;statusCode&quot;:401,&quot;error&quot;:&quot;Unauthorized&quot;,&quot;message&quot;:&quot;Unauthorized&quot;,&quot;timestamp&quot;:&quot;2026-03-08T09:35:45.159991470Z&quot;}`&#10;&#10;Reproduce with:&#10;&#10;    curl -X GET -H 'Authorization: [Filtered]' 'http://host.docker.internal:9080/api/admin/audit/entity/0/1?arg2='"/>
			<error type="error">Network Error

Connection failed

    Failed to establish a new connection: [Errno 11] Resource temporarily unavailable</error>
			<error type="error">Network Error

Connection failed

    Failed to establish a new connection: [Errno 11] Resource temporarily unavailable</error>
			<skipped type="skipped">No examples in schema</skipped>
		</testcase>
		<testcase name="POST /api/groups" time="3.868514">
			<failure type="failure" message="1. Test Case ID: JIHgup&#10;&#10;- Response time limit exceeded&#10;&#10;    Actual: 1.03ms&#10;    Limit: 800.00ms&#10;&#10;[401] Unauthorized:&#10;&#10;    `{&quot;statusCode&quot;:401,&quot;error&quot;:&quot;Unauthorized&quot;,&quot;message&quot;:&quot;Unauthorized&quot;,&quot;timestamp&quot;:&quot;2026-03-08T09:35:45.167797940Z&quot;}`&#10;&#10;Reproduce with:&#10;&#10;    curl -X POST -H 'Authorization: [Filtered]' -H 'Content-Type: application/json' -d '{&quot;groupName&quot;: &quot;AA00-G0&quot;, &quot;lecturerId&quot;: 1, &quot;semesterId&quot;: 1}' http://host.docker.internal:9080/api/groups"/>
			<error type="error">Network Error

Connection failed

    Failed to establish a new connection: [Errno 11] Resource temporarily unavailable</error>
			<skipped type="skipped">No examples in schema</skipped>
		</testcase>
		<testcase name="POST /api/project-configs" time="3.711773">
			<failure type="failure" message="1. Test Case ID: GdZf1D&#10;&#10;- API rejected schema-compliant request&#10;&#10;    Valid data should have been accepted&#10;    Expected: 2xx, 401, 403, 404, 409, 5xx&#10;&#10;[400] Bad Request:&#10;&#10;    `{&quot;statusCode&quot;:400,&quot;error&quot;:&quot;Bad Request&quot;,&quot;message&quot;:&quot;Invalid GitHub repository URL. Must be https://github.com/owner/repo&quot;,&quot;details&quot;:{&quot;githubRepoUrl&quot;:&quot;Invalid GitHub repository URL. Must be https://github.com/owner/repo&quot;,&quot;jiraHostUrl&quot;:&quot;Invalid Jira host URL format. Must be https://domain.atlassian.net or custom Jira domain&quot;},&quot;timestamp&quot;:&quot;2026-03-08T09:35:45.140475028Z&quot;}`&#10;&#10;Reproduce with:&#10;&#10;    curl -X POST -H 'Authorization: [Filtered]' -H 'Content-Type: application/json' -d '{&quot;githubRepoUrl&quot;: &quot;\ud94a\udca9https://github.com/\ud857\udd11\u0126\u015b\u00dbm\u0177\u00ef\u014f\u00be/\u023e\u0167j\u00fd\u0088\u0006\u00ccx\udbb4\uddceV\u0019\u008d\u001cE \ud9c5\udd1a\u0098=\u009em\ud85a\ude17\u00ff&quot;, &quot;githubToken&quot;: &quot;ghp_DM6z0x89f0UEnviZ5l00UTctwbXnABo7cqn5R2pbYlx0aHpJ8GJLqnA99T4RM0&quot;, &quot;groupId&quot;: 25, &quot;jiraApiToken&quot;: &quot;ATATTycmz2B+Q3ER78/1iO02sMWywTQLo/9=xEsRZnlgmJ0WbY1mm1x0su7k1y4PLN0kV0ZT8i0t4lpWIvqK0hGLtt/jWS3lE-/toSTe=AfBk4qzTBW06ek0U0XiKnu59yJKwzpgTS=kaT0XD5ZtG8WsIOuk0IgQTaj5U7Z0IosxHeGTSsRIHT_ZGMAEc9XXZY41/NekGpx9f0W6YO=D60_tCdu4fmY02Xoh0pXrGv/z0Xn0IjnLmMtoMjDhp&quot;, &quot;jiraHostUrl&quot;: &quot;\u0004\u00b7\u00cd\u0016\u00e8http://pqGP9GqCTx.atlassian.net&quot;}' http://host.docker.internal:9080/api/project-configs"/>
			<skipped type="skipped">No examples in schema</skipped>
		</testcase>
		<testcase name="GET /api/admin/audit/range" time="3.885941">
			<failure type="failure" message="1. Test Case ID: 3CJjsw&#10;&#10;- Response time limit exceeded&#10;&#10;    Actual: 1.04ms&#10;    Limit: 800.00ms&#10;&#10;[401] Unauthorized:&#10;&#10;    `{&quot;statusCode&quot;:401,&quot;error&quot;:&quot;Unauthorized&quot;,&quot;message&quot;:&quot;Unauthorized&quot;,&quot;timestamp&quot;:&quot;2026-03-08T09:35:45.154112054Z&quot;}`&#10;&#10;Reproduce with:&#10;&#10;    curl -X GET -H 'Authorization: [Filtered]' 'http://host.docker.internal:9080/api/admin/audit/range?arg2=&amp;endDate=2000-01-01T00%3A00%3A00Z&amp;startDate=2000-01-01T00%3A00%3A00Z'"/>
			<skipped type="skipped">No examples in schema</skipped>
		</testcase>
		<testcase name="POST /api/admin/users" time="3.905051">
			<failure type="failure" message="1. Test Case ID: mqBEaY&#10;&#10;- Response time limit exceeded&#10;&#10;    Actual: 1.02ms&#10;    Limit: 800.00ms&#10;&#10;[401] Unauthorized:&#10;&#10;    `{&quot;statusCode&quot;:401,&quot;error&quot;:&quot;Unauthorized&quot;,&quot;message&quot;:&quot;Unauthorized&quot;,&quot;timestamp&quot;:&quot;2026-03-08T09:35:45.232585890Z&quot;}`&#10;&#10;Reproduce with:&#10;&#10;    curl -X POST -H 'Authorization: [Filtered]' -H 'Content-Type: application/json' -d 13419 http://host.docker.internal:9080/api/admin/users"/>
			<error type="error">Network Error

Connection failed

    Failed to establish a new connection: [Errno 11] Resource temporarily unavailable</error>
			<skipped type="skipped">No examples in schema</skipped>
		</testcase>
		<testcase name="POST /api/groups/{groupId}/members" time="5.215098">
			<error type="error">Network Error

Connection failed

    Failed to establish a new connection: [Errno 11] Resource temporarily unavailable</error>
			<error type="error">Network Error

Connection failed

    Failed to establish a new connection: [Errno 11] Resource temporarily unavailable</error>
			<error type="error">Network Error

Connection failed

    Failed to establish a new connection: [Errno 11] Resource temporarily unavailable</error>
			<error type="error">Network Error

Connection failed

    Failed to establish a new connection: [Errno 11] Resource temporarily unavailable</error>
			<error type="error">Network Error

Connection failed

    Failed to establish a new connection: [Errno 11] Resource temporarily unavailable</error>
			<skipped type="skipped">No examples in schema</skipped>
		</testcase>
		<testcase name="PATCH /api/semesters/{id}/activate" time="2.255745">
			<skipped type="skipped">No examples in schema</skipped>
		</testcase>
		<testcase name="POST /api/project-configs/{id}/verify" time="0.495370">
			<skipped type="skipped">No examples in schema</skipped>
		</testcase>
		<testcase name="PATCH /api/groups/{groupId}/lecturer" time="0.050494">
			<failure type="failure" message="1. Test Case ID: 2YiSwS&#10;&#10;- API rejected schema-compliant request&#10;&#10;    Valid data should have been accepted&#10;    Expected: 2xx, 401, 403, 404, 409, 5xx&#10;&#10;[400] Bad Request:&#10;&#10;    `{&quot;statusCode&quot;:400,&quot;error&quot;:&quot;Bad Request&quot;,&quot;message&quot;:&quot;Validation failed&quot;,&quot;timestamp&quot;:&quot;2026-03-08T09:35:45.058251648Z&quot;,&quot;errors&quot;:{&quot;lecturerId&quot;:&quot;Lecturer ID must be greater than 0&quot;}}`&#10;&#10;Reproduce with:&#10;&#10;    curl -X PATCH -H 'Authorization: [Filtered]' -H 'Content-Type: application/json' -d '{&quot;lecturerId&quot;: 0}' http://host.docker.internal:9080/api/groups/1/lecturer"/>
			<skipped type="skipped">No examples in schema</skipped>
		</testcase>
		<testcase name="GET /api/semesters/active" time="0.184362">
			<skipped type="skipped">No examples in schema</skipped>
		</testcase>
		<testcase name="POST /api/admin/users/{userId}/lock" time="2.646577">
			<failure type="failure" message="1. Test Case ID: j7plg8&#10;&#10;- API rejected schema-compliant request&#10;&#10;    Valid data should have been accepted&#10;    Expected: 2xx, 401, 403, 404, 409, 5xx&#10;&#10;[400] Bad Request:&#10;&#10;    `{&quot;statusCode&quot;:400,&quot;error&quot;:&quot;Bad Request&quot;,&quot;message&quot;:&quot;Cannot lock own account&quot;}`&#10;&#10;Reproduce with:&#10;&#10;    curl -X POST -H 'Authorization: [Filtered]' http://host.docker.internal:9080/api/admin/users/4/lock"/>
			<skipped type="skipped">No examples in schema</skipped>
		</testcase>
		<testcase name="GET /api/users/{userId}/groups" time="2.933002">
			<skipped type="skipped">No examples in schema</skipped>
		</testcase>
		<testcase name="GET /api/semesters/code/{code}" time="0.514468">
			<failure type="failure" message="1. Test Case ID: Bf6Ffc&#10;&#10;- JSON deserialization error&#10;&#10;    Response must be valid JSON with 'Content-Type: application/json' header:&#10;&#10;      Expecting value: line 1 column 1 (char 0)&#10;&#10;- Missing Content-Type header&#10;&#10;    The following media types are documented in the schema:&#10;    - `application/json`&#10;&#10;- API rejected schema-compliant request&#10;&#10;    Valid data should have been accepted&#10;    Expected: 2xx, 401, 403, 404, 409, 5xx&#10;&#10;[400] Bad Request:&#10;&#10;    &lt;EMPTY&gt;&#10;&#10;Reproduce with:&#10;&#10;    curl -X GET -H 'Authorization: [Filtered]' http://host.docker.internal:9080/api/semesters/code/%C3%85%C2%9C%C3%8E%C2%8C%E5%A2%B6W%00%26"/>
			<skipped type="skipped">No examples in schema</skipped>
		</testcase>
		<testcase name="DELETE /api/admin/users/{userId}" time="2.004891">
			<error type="error">Network Error

Connection failed

    Failed to establish a new connection: [Errno 11] Resource temporarily unavailable</error>
			<error type="error">Network Error

Connection failed

    Failed to establish a new connection: [Errno 11] Resource temporarily unavailable</error>
			<skipped type="skipped">No examples in schema</skipped>
		</testcase>
		<testcase name="DELETE /api/groups/{groupId}" time="2.411215">
			<skipped type="skipped">No examples in schema</skipped>
		</testcase>
		<testcase name="PUT /api/admin/users/{userId}/external-accounts" time="3.181497">
			<skipped type="skipped">No examples in schema</skipped>
		</testcase>
		<testcase name="POST /api/admin/users/{userId}/restore" time="1.273177">
			<failure type="failure" message="1. Test Case ID: kOTvgd&#10;&#10;- API rejected schema-compliant request&#10;&#10;    Valid data should have been accepted&#10;    Expected: 2xx, 401, 403, 404, 409, 5xx&#10;&#10;[400] Bad Request:&#10;&#10;    `{&quot;statusCode&quot;:400,&quot;error&quot;:&quot;Bad Request&quot;,&quot;message&quot;:&quot;User is not deleted&quot;}`&#10;&#10;Reproduce with:&#10;&#10;    curl -X POST -H 'Authorization: [Filtered]' http://host.docker.internal:9080/api/admin/users/1/restore"/>
			<error type="error">Network Error

Connection failed

    Failed to establish a new connection: [Errno 11] Resource temporarily unavailable</error>
			<skipped type="skipped">No examples in schema</skipped>
		</testcase>
		<testcase name="PUT /api/users/{userId}" time="0.076025">
			<failure type="failure" message="1. Test Case ID: IU6dP5&#10;&#10;- API rejected schema-compliant request&#10;&#10;    Valid data should have been accepted&#10;    Expected: 2xx, 401, 403, 404, 409, 5xx&#10;&#10;[400] Bad Request:&#10;&#10;    `{&quot;statusCode&quot;:400,&quot;error&quot;:&quot;Bad Request&quot;,&quot;message&quot;:&quot;Validation failed&quot;,&quot;timestamp&quot;:&quot;2026-03-08T09:35:45.234459375Z&quot;,&quot;errors&quot;:{&quot;fullName&quot;:&quot;Full name is required&quot;}}`&#10;&#10;Reproduce with:&#10;&#10;    curl -X PUT -H 'Authorization: [Filtered]' -H 'Content-Type: application/json' -d '{}' http://host.docker.internal:9080/api/users/1"/>
			<skipped type="skipped">No examples in schema</skipped>
		</testcase>
		<testcase name="POST /api/admin/users/{userId}/unlock" time="1.296399">
			<failure type="failure" message="1. Test Case ID: v9IlTi&#10;&#10;- API rejected schema-compliant request&#10;&#10;    Valid data should have been accepted&#10;    Expected: 2xx, 401, 403, 404, 409, 5xx&#10;&#10;[400] Bad Request:&#10;&#10;    `{&quot;statusCode&quot;:400,&quot;error&quot;:&quot;Bad Request&quot;,&quot;message&quot;:&quot;User is not locked&quot;}`&#10;&#10;Reproduce with:&#10;&#10;    curl -X POST -H 'Authorization: [Filtered]' http://host.docker.internal:9080/api/admin/users/4/unlock"/>
			<skipped type="skipped">No examples in schema</skipped>
		</testcase>
		<testcase name="GET /api/semesters/{id}" time="0.263683">
			<failure type="failure" message="1. Test Case ID: QlzCFC&#10;&#10;- API accepted schema-violating request&#10;&#10;    Invalid data should have been rejected&#10;    Expected: 400, 401, 403, 404, 406, 422, 428, 5xx&#10;    Invalid component: schema mutated&#10;&#10;[200] OK:&#10;&#10;    `{&quot;id&quot;:87,&quot;semesterCode&quot;:&quot;\u0013ø´ô\u000B\uDABF\uDDE9\u0010\uD93F\uDF0F&quot;,&quot;semesterName&quot;:&quot;\uD8DB\uDDF3&quot;,&quot;startDate&quot;:&quot;8356-09-02&quot;,&quot;endDate&quot;:&quot;8778-06-05&quot;,&quot;isActive&quot;:false,&quot;createdAt&quot;:&quot;2026-03-08T03:52:35.786549Z&quot;,&quot;updatedAt&quot;:&quot;2026-03-08T03:52:35.786549Z&quot;}`&#10;&#10;Reproduce with:&#10;&#10;    curl -X GET -H 'Authorization: [Filtered]' http://host.docker.internal:9080/api/semesters/87"/>
			<skipped type="skipped">No examples in schema</skipped>
		</testcase>
		<testcase name="PUT /api/groups/{groupId}" time="0.111936">
			<failure type="failure" message="1. Test Case ID: p0WRgv&#10;&#10;- API rejected schema-compliant request&#10;&#10;    Valid data should have been accepted&#10;    Expected: 2xx, 401, 403, 404, 409, 5xx&#10;&#10;[400] Bad Request:&#10;&#10;    `{&quot;statusCode&quot;:400,&quot;error&quot;:&quot;Bad Request&quot;,&quot;message&quot;:&quot;Validation failed&quot;,&quot;timestamp&quot;:&quot;2026-03-08T09:35:45.182167356Z&quot;,&quot;errors&quot;:{&quot;groupName&quot;:&quot;Group name is required&quot;}}`&#10;&#10;Reproduce with:&#10;&#10;    curl -X PUT -H 'Authorization: [Filtered]' -H 'Content-Type: application/json' -d '{&quot;lecturerId&quot;: 0}' http://host.docker.internal:9080/api/groups/1"/>
			<skipped type="skipped">No examples in schema</skipped>
		</testcase>
		<testcase name="PUT /api/project-configs/{id}" time="0.927752">
			<failure type="failure" message="1. Test Case ID: LjWMX4&#10;&#10;- API rejected schema-compliant request&#10;&#10;    Valid data should have been accepted&#10;    Expected: 2xx, 401, 403, 404, 409, 5xx&#10;    Hint: The request body contains 1 additional property not defined in the schema (`򝶁º;y񚾩&amp;`). The server likely rejects unexpected fields. Add `additionalProperties: false` to your schema to prevent this.&#10;&#10;[400] Bad Request:&#10;&#10;    `{&quot;statusCode&quot;:400,&quot;error&quot;:&quot;Bad Request&quot;,&quot;message&quot;:&quot;Invalid GitHub repository URL&quot;,&quot;details&quot;:{&quot;githubRepoUrl&quot;:&quot;Invalid GitHub repository URL&quot;},&quot;timestamp&quot;:&quot;2026-03-08T09:35:46.416669599Z&quot;}`&#10;&#10;Reproduce with:&#10;&#10;    curl -X PUT -H 'Authorization: [Filtered]' -H 'Content-Type: application/json' -d '{&quot;\uda37\udd81\u0089\u0002\u00ba\u0011;y\ud92b\udfa9&amp;&quot;: [[&quot;?\udb94\udcb0#\u00a3\u00fd&quot;, 16361]], &quot;jiraApiToken&quot;: &quot;ATATTuIp8l90fOBP6MjO3-_ZMjOj5g1fRQGV07e37+SLHt3acsD=0sWp5YRehS0go10ItiSvlm85p+s7FDs0jw_Bj==c7465_eb0DIkQbs&quot;, &quot;jiraHostUrl&quot;: &quot;http://NuKh01ByC.atlassian.net/\uda7d\ude4fT\ud875\ude84\udabc\uddf5\u0002\u0010\u0081\u00f6\u00e8\u00c1G\ud824\udcb3;\t&quot;, &quot;githubRepoUrl&quot;: &quot;\u008ahttps://github.com/z/ZG\u023e\u00aa\u0168\u012e\u00daz\u0140d\u00e1\u023a\u00ee__main__&quot;, &quot;githubToken&quot;: &quot;ghp_PzwLMjwcrMQ6ze8pk2IfY758iFa4zTaA0Rvk7TIAUVNA0R92npI55T9e6&quot;}' http://host.docker.internal:9080/api/project-configs/bc087a02-3415-19ca-e6cd-1c580bad0d02"/>
			<skipped type="skipped">No examples in schema</skipped>
		</testcase>
		<testcase name="PUT /api/semesters/{id}" time="1.961405">
			<skipped type="skipped">No examples in schema</skipped>
		</testcase>
		<testcase name="GET /api/users" time="1.936617">
			<failure type="failure" message="1. Test Case ID: Q9c4EC&#10;&#10;- API accepted schema-violating request&#10;&#10;    Invalid data should have been rejected&#10;    Expected: 400, 401, 403, 404, 406, 422, 428, 5xx&#10;    Invalid component: in query - object with unexpected properties&#10;&#10;[200] OK:&#10;&#10;    `{&quot;content&quot;:[{&quot;id&quot;:75,&quot;email&quot;:&quot;fixture.student1772885063765@samt.local&quot;,&quot;fullName&quot;:&quot;Fixture Student&quot;,&quot;status&quot;:&quot;ACTIVE&quot;,&quot;roles&quot;:[&quot;STUDENT&quot;]},{&quot;id&quot;:4,&quot;email&quot;:&quot;admin@samt.local&quot;,&quot;fullName&quot;:&quot;System Admin&quot;,&quot;status&quot;:&quot;ACTIVE&quot;,&quot;roles&quot;:[&quot;ADMIN&quot;]},{&quot;id&quot;:5,&quot;email&quot;:&quot;lecturer1@samt.local&quot;,&quot;fullName&quot;:&quot;Lecturer One&quot;,&quot;status&quot;:&quot;ACTIVE&quot;,&quot;roles&quot;:[&quot;LECTURER&quot;]},{&quot;id&quot;:86,&quot;email&quot;:&quot;fixture.student1772885544147@samt.local&quot;,&quot;fullName&quot;:&quot;Fixture Student&quot;,&quot;status&quot;:&quot;ACTIVE&quot;,&quot;roles&quot;:[&quot;STUDENT&quot;]},{&quot;id&quot;:9,&quot;email&quot;:&quot;lecturer2@samt.local&quot;,&quot;ful // Output truncated...`&#10;&#10;Reproduce with:&#10;&#10;    curl -X GET -H 'Authorization: [Filtered]' 'http://host.docker.internal:9080/api/users?size=20&amp;x-schemathesis-unknown-property=42'"/>
			<failure type="failure" message="1. Test Case ID: Q9c4EC&#10;&#10;- API accepted schema-violating request&#10;&#10;    Invalid data should have been rejected&#10;    Expected: 400, 401, 403, 404, 406, 422, 428, 5xx&#10;    Invalid component: in query - object with unexpected properties&#10;&#10;[200] OK:&#10;&#10;    `{&quot;content&quot;:[{&quot;id&quot;:75,&quot;email&quot;:&quot;fixture.student1772885063765@samt.local&quot;,&quot;fullName&quot;:&quot;Fixture Student&quot;,&quot;status&quot;:&quot;ACTIVE&quot;,&quot;roles&quot;:[&quot;STUDENT&quot;]},{&quot;id&quot;:4,&quot;email&quot;:&quot;admin@samt.local&quot;,&quot;fullName&quot;:&quot;System Admin&quot;,&quot;status&quot;:&quot;ACTIVE&quot;,&quot;roles&quot;:[&quot;ADMIN&quot;]},{&quot;id&quot;:5,&quot;email&quot;:&quot;lecturer1@samt.local&quot;,&quot;fullName&quot;:&quot;Lecturer One&quot;,&quot;status&quot;:&quot;ACTIVE&quot;,&quot;roles&quot;:[&quot;LECTURER&quot;]},{&quot;id&quot;:86,&quot;email&quot;:&quot;fixture.student1772885544147@samt.local&quot;,&quot;fullName&quot;:&quot;Fixture Student&quot;,&quot;status&quot;:&quot;ACTIVE&quot;,&quot;roles&quot;:[&quot;STUDENT&quot;]},{&quot;id&quot;:9,&quot;email&quot;:&quot;lecturer2@samt.local&quot;,&quot;ful // Output truncated...`&#10;&#10;Reproduce with:&#10;&#10;    curl -X GET -H 'Authorization: [Filtered]' 'http://host.docker.internal:9080/api/users?size=20&amp;x-schemathesis-unknown-property=42'&#10;&#10;2. Test Case ID: RZTtLk&#10;&#10;- JSON deserialization error&#10;&#10;    Response must be valid JSON with 'Content-Type: application/json' header:&#10;&#10;      Expecting value: line 1 column 1 (char 0)&#10;&#10;- Missing Content-Type header&#10;&#10;    The following media types are documented in the schema:&#10;    - `application/json`&#10;&#10;[400] Bad Request:&#10;&#10;    &lt;EMPTY&gt;&#10;&#10;Reproduce with:&#10;&#10;    curl -X GET -H 'Authorization: [Filtered]' 'http://host.docker.internal:9080/api/users?role=then&amp;status=%F3%BB%88%88%00%F3%97%8C%8Cvdf%40&amp;%02%F2%BD%91%95s%0B%F1%84%B2%97w%F3%B4%A3%86%C2%8D%C3%AE%0E%C2%A3%C3%BC%0F%C2%BF%03%C2%B5%C2%89%C2%8C%F1%9F%99%92%26=%C3%8E%C3%B1&amp;%02%F2%BD%91%95s%0B%F1%84%B2%97w%F3%B4%A3%86%C2%8D%C3%AE%0E%C2%A3%C3%BC%0F%C2%BF%03%C2%B5%C2%89%C2%8C%F1%9F%99%92%26=lorem+%D9%84%D8%A7+%D8%A8%D8%B3%D9%85+%D8%A7%D9%84%D9%84%D9%87+ipsum+%E4%BD%A0%E5%A5%BD1234%E4%BD%A0%E5%A5%BD'"/>
			<skipped type="skipped">No examples in schema</skipped>
		</testcase>
		<testcase name="DELETE /api/project-configs/{id}" time="1.153181">
			<skipped type="skipped">No examples in schema</skipped>
		</testcase>
		<testcase name="DELETE /api/groups/{groupId}/members/{userId}" time="2.414083">
			<skipped type="skipped">No examples in schema</skipped>
		</testcase>
		<testcase name="PUT /api/groups/{groupId}/members/{userId}/demote" time="2.292744">
			<skipped type="skipped">No examples in schema</skipped>
		</testcase>
		<testcase name="GET /api/users/{userId}" time="2.423002">
			<skipped type="skipped">No examples in schema</skipped>
		</testcase>
		<testcase name="GET /api/project-configs/{id}" time="1.563392">
			<skipped type="skipped">No examples in schema</skipped>
		</testcase>
		<testcase name="PUT /api/groups/{groupId}/members/{userId}/promote" time="2.169009">
			<skipped type="skipped">No examples in schema</skipped>
		</testcase>
		<testcase name="GET /api/groups/{groupId}" time="1.882571">
			<skipped type="skipped">No examples in schema</skipped>
		</testcase>
	</testsuite>
</testsuites>
